<?xml version="1.0" encoding="UTF-8"?>
<!-- Generated by org.testng.reporters.JUnitReportReporter -->
<testsuite hostname="TMZ-LAP-0030" name="testcases.ARTEMIS" tests="2" failures="0" timestamp="10 Jan 2018 12:09:50 GMT" time="38.092" errors="0">
  <testcase name="CyclosDemo002_442" time="20.222" classname="testcases.ARTEMIS"/>
  <testcase name="CyclosDemo003_445" time="17.870" classname="testcases.ARTEMIS"/>
</testsuite> <!-- testcases.ARTEMIS -->
