<?xml version="1.0" encoding="UTF-8"?>
<!-- Generated by org.testng.reporters.JUnitReportReporter -->
<testsuite hostname="TMZ-LAP-0030" name="testcases.TC_001" tests="1" failures="0" timestamp="19 Dec 2017 09:56:49 GMT" time="14.869" errors="0">
  <testcase name="TC001" time="14.869" classname="testcases.TC_001"/>
</testsuite> <!-- testcases.TC_001 -->
